CS252: lab2. sun549 Thu Jun 21 20:13:02 EDT 2018  Total:  100 of 160

CS252: lab2. sun549 Thu Jun 21 20:13:40 EDT 2018  Total:  90 of 160

CS252: lab2. sun549 Thu Jun 21 20:14:07 EDT 2018  Total:  90 of 160

CS252: lab2. sun549 Thu Jun 21 20:54:01 EDT 2018  Total:  90 of 160

CS252: lab2. sun549 Thu Jun 21 21:07:54 EDT 2018  Total:  90 of 160

CS252: lab2. sun549 Thu Jun 21 21:07:54 EDT 2018  Total:  90 of 160

CS252: lab2. sun549 Thu Jun 21 21:56:43 EDT 2018  Total:  100 of 160

CS252: lab2. sun549 Fri Jun 22 18:20:57 EDT 2018  Total:  90 of 160

CS252: lab2. sun549 Fri Jun 22 21:51:44 EDT 2018  Total:  100 of 160

CS252: lab2. sun549 Fri Jun 22 21:51:44 EDT 2018  Total:  100 of 160

CS252: lab2. sun549 Fri Jun 22 21:51:57 EDT 2018  Total:  90 of 160

CS252: lab2. sun549 Fri Jun 22 21:53:20 EDT 2018  Total:  100 of 160

CS252: lab2. sun549 Fri Jun 22 21:53:20 EDT 2018  Total:  100 of 160

CS252: lab2. sun549 Fri Jun 22 21:53:37 EDT 2018  Total:  90 of 160

CS252: lab2. sun549 Fri Jun 22 21:53:20 EDT 2018  Total:  100 of 160

CS252: lab2. sun549 Fri Jun 22 21:53:37 EDT 2018  Total:  90 of 160

CS252: lab2. sun549 Fri Jun 22 21:54:52 EDT 2018  Total:  90 of 160

CS252: lab2. sun549 Fri Jun 22 21:55:02 EDT 2018  Total:  100 of 160

CS252: lab2. sun549 Fri Jun 22 22:02:13 EDT 2018  Total:  100 of 160

CS252: lab2. sun549 Sat Jun 23 08:49:49 EDT 2018  Total:  110 of 160

CS252: lab2. sun549 Sat Jun 23 08:49:49 EDT 2018  Total:  110 of 160

CS252: lab2. sun549 Sat Jun 23 08:50:00 EDT 2018  Total:  100 of 160

CS252: lab2. sun549 Sat Jun 23 08:50:59 EDT 2018  Total:  110 of 160

CS252: lab2. sun549 Sat Jun 23 09:41:01 EDT 2018  Total:  110 of 160

CS252: lab2. sun549 Sat Jun 23 09:41:01 EDT 2018  Total:  110 of 160

CS252: lab2. sun549 Sat Jun 23 09:41:07 EDT 2018  Total:  100 of 160

CS252: lab2. sun549 Sat Jun 23 09:41:01 EDT 2018  Total:  110 of 160

CS252: lab2. sun549 Sat Jun 23 09:41:07 EDT 2018  Total:  100 of 160

CS252: lab2. sun549 Sat Jun 23 09:56:49 EDT 2018  Total:  120 of 160

CS252: lab2. sun549 Sat Jun 23 09:41:01 EDT 2018  Total:  110 of 160

CS252: lab2. sun549 Sat Jun 23 09:41:07 EDT 2018  Total:  100 of 160

CS252: lab2. sun549 Sat Jun 23 09:56:49 EDT 2018  Total:  120 of 160

CS252: lab2. sun549 Sat Jun 23 09:57:02 EDT 2018  Total:  120 of 160

CS252: lab2. sun549 Sat Jun 23 09:58:16 EDT 2018  Total:  100 of 160

CS252: lab2. sun549 Sat Jun 23 09:59:49 EDT 2018  Total:  110 of 160

CS252: lab2. sun549 Sat Jun 23 09:59:49 EDT 2018  Total:  110 of 160

CS252: lab2. sun549 Sat Jun 23 09:59:56 EDT 2018  Total:  120 of 160

CS252: lab2. sun549 Sat Jun 23 10:00:28 EDT 2018  Total:  110 of 160

CS252: lab2. sun549 Sat Jun 23 10:00:28 EDT 2018  Total:  110 of 160

CS252: lab2. sun549 Sat Jun 23 10:00:35 EDT 2018  Total:  120 of 160

CS252: lab2. sun549 Sat Jun 23 10:29:33 EDT 2018  Total:  110 of 160

CS252: lab2. sun549 Sat Jun 23 10:30:56 EDT 2018  Total:  120 of 160

CS252: lab2. sun549 Sat Jun 23 10:30:56 EDT 2018  Total:  120 of 160

CS252: lab2. sun549 Sat Jun 23 10:31:06 EDT 2018  Total:  130 of 160

CS252: lab2. sun549 Sat Jun 23 10:31:34 EDT 2018  Total:  120 of 160

CS252: lab2. sun549 Sat Jun 23 21:48:34 EDT 2018  Total:  120 of 160

CS252: lab2. sun549 Sat Jun 23 21:48:34 EDT 2018  Total:  120 of 160

CS252: lab2. sun549 Sat Jun 23 21:49:34 EDT 2018  Total:  130 of 160

CS252: lab2. sun549 Sun Jun 24 00:58:14 EDT 2018  Total:  95 of 160

CS252: lab2. sun549 Sun Jun 24 01:02:10 EDT 2018  Total:  120 of 160

CS252: lab2. sun549 Sun Jun 24 01:17:53 EDT 2018  Total:  160 of 160

CS252: lab2. sun549 Sun Jun 24 01:17:53 EDT 2018  Total:  160 of 160

CS252: lab2. sun549 Sun Jun 24 01:18:03 EDT 2018  Total:  160 of 160

CS252: lab2. sun549 Sun Jun 24 01:25:21 EDT 2018  Total:  160 of 160

CS252: lab2. sun549 Sun Jun 24 01:25:21 EDT 2018  Total:  160 of 160

CS252: lab2. sun549 Sun Jun 24 01:25:27 EDT 2018  Total:  160 of 160

CS252: lab2. sun549 Sun Jun 24 22:47:52 EDT 2018  Total:  160 of 160

CS252: lab2. sun549 Sun Jun 24 22:48:07 EDT 2018  Total:  160 of 160

CS252: lab2. sun549 Sun Jun 24 22:48:15 EDT 2018  Total:  160 of 160

CS252: lab2. sun549 Sun Jun 24 22:48:15 EDT 2018  Total:  160 of 160

CS252: lab2. sun549 Sun Jun 24 22:48:21 EDT 2018  Total:  160 of 160

CS252: lab2. sun549 Tue Jun 26 00:17:46 EDT 2018  Total:  160 of 160

CS252: lab2. sun549 Tue Jun 26 00:17:46 EDT 2018  Total:  160 of 160

CS252: lab2. sun549 Tue Jun 26 00:17:52 EDT 2018  Total:  160 of 160

CS252: lab2. sun549 Tue Jun 26 00:20:19 EDT 2018  Total:  160 of 160

CS252: lab2. sun549 Tue Jun 26 00:20:19 EDT 2018  Total:  160 of 160

CS252: lab2. sun549 Tue Jun 26 00:20:25 EDT 2018  Total:  160 of 160

CS252: lab2. sun549 Tue Jun 26 13:26:32 EDT 2018  Total:  160 of 160

CS252: lab2. sun549 Tue Jun 26 13:26:32 EDT 2018  Total:  160 of 160

CS252: lab2. sun549 Tue Jun 26 13:26:37 EDT 2018  Total:  160 of 160

CS252: lab2. sun549 Tue Jun 26 14:37:55 EDT 2018  Total:  160 of 160

CS252: lab2. sun549 Tue Jun 26 14:37:55 EDT 2018  Total:  160 of 160

CS252: lab2. sun549 Tue Jun 26 14:38:02 EDT 2018  Total:  160 of 160

