==10215== Memcheck, a memory error detector
==10215== Copyright (C) 2002-2015, and GNU GPL'd, by Julian Seward et al.
==10215== Using Valgrind-3.11.0 and LibVEX; rerun with -h for copyright info
==10215== Command: ./myhttpd 2300
==10215== Parent PID: 3442
==10215== 
==10215== Invalid read of size 1
==10215==    at 0x4C30F74: strlen (in /usr/lib/valgrind/vgpreload_memcheck-amd64-linux.so)
==10215==    by 0x402342: parse_respond (server.c:223)
==10215==    by 0x402B37: handle (server.c:424)
==10215==    by 0x401B3D: run_linear_server (server.c:20)
==10215==    by 0x401AEA: main (main.c:118)
==10215==  Address 0x5424fb7 is 0 bytes after a block of size 823 alloc'd
==10215==    at 0x4C2DB8F: malloc (in /usr/lib/valgrind/vgpreload_memcheck-amd64-linux.so)
==10215==    by 0x402056: parse_respond (server.c:152)
==10215==    by 0x402B37: handle (server.c:424)
==10215==    by 0x401B3D: run_linear_server (server.c:20)
==10215==    by 0x401AEA: main (main.c:118)
==10215== 
==10215== 
==10215== HEAP SUMMARY:
==10215==     in use at exit: 57 bytes in 3 blocks
==10215==   total heap usage: 349 allocs, 346 frees, 71,254 bytes allocated
==10215== 
==10215== LEAK SUMMARY:
==10215==    definitely lost: 0 bytes in 0 blocks
==10215==    indirectly lost: 0 bytes in 0 blocks
==10215==      possibly lost: 0 bytes in 0 blocks
==10215==    still reachable: 57 bytes in 3 blocks
==10215==         suppressed: 0 bytes in 0 blocks
==10215== Reachable blocks (those to which a pointer was found) are not shown.
==10215== To see them, rerun with: --leak-check=full --show-leak-kinds=all
==10215== 
==10215== For counts of detected and suppressed errors, rerun with: -v
==10215== ERROR SUMMARY: 1 errors from 1 contexts (suppressed: 0 from 0)
